<?xml version="1.0" encoding="UTF-8"?>
<!-- Generated by org.testng.reporters.JUnitReportReporter -->
<testsuite hostname="DESKTOP-L9L7L9E" failures="0" tests="1" name="spiceJet" time="16.755" errors="0" timestamp="2025-01-14T21:14:35 IST" skipped="0">
  <testcase classname="spiceJet" name="test_actions" time="16.755"/>
  <system-out/>
</testsuite> <!-- spiceJet -->
