<?xml version="1.0" encoding="UTF-8"?>
<!-- Generated by org.testng.reporters.JUnitReportReporter -->
<testsuite hostname="DESKTOP-L9L7L9E" failures="0" tests="1" name="makemyTrip" time="8.950" errors="0" timestamp="2025-01-14T21:56:02 IST" skipped="0">
  <testcase classname="makemyTrip" name="test_actions" time="8.950"/>
  <system-out/>
</testsuite> <!-- makemyTrip -->
