<?xml version="1.0" encoding="UTF-8"?>
<!-- Generated by org.testng.reporters.JUnitReportReporter -->
<testsuite hostname="DESKTOP-L9L7L9E" failures="0" tests="1" name="actionsPart2" time="4.224" errors="0" timestamp="2025-01-14T21:01:04 IST" skipped="0">
  <testcase classname="actionsPart2" name="test_actions" time="4.224"/>
  <system-out/>
</testsuite> <!-- actionsPart2 -->
